\BOOKMARK [1][-]{section.1}{Module 1: Probability}{}% 1
\BOOKMARK [2][-]{subsection.1.1}{Work Unit 1: Introducing Probability}{section.1}% 2
\BOOKMARK [3][-]{subsubsection.1.1.1}{Definitions}{subsection.1.1}% 3
\BOOKMARK [3][-]{subsubsection.1.1.2}{Formula}{subsection.1.1}% 4
\BOOKMARK [3][-]{subsubsection.1.1.3}{Examples}{subsection.1.1}% 5
\BOOKMARK [2][-]{subsection.1.2}{Work Unit 2: Set Theorem, Probability Axioms and Theorems}{section.1}% 6
\BOOKMARK [3][-]{subsubsection.1.2.1}{Definitions}{subsection.1.2}% 7
\BOOKMARK [3][-]{subsubsection.1.2.2}{Formula}{subsection.1.2}% 8
\BOOKMARK [2][-]{subsection.1.3}{Work Unit 3: Permutations and Combinations}{section.1}% 9
\BOOKMARK [3][-]{subsubsection.1.3.1}{Counting Rules}{subsection.1.3}% 10
\BOOKMARK [2][-]{subsection.1.4}{Work Unit 4: Conditional Probability and Independent Events}{section.1}% 11
\BOOKMARK [1][-]{section.2}{Module 2: Exploring Data}{}% 12
\BOOKMARK [2][-]{subsection.2.1}{Work Unit 1: Graphical Summaries}{section.2}% 13
\BOOKMARK [3][-]{subsubsection.2.1.1}{Definitions}{subsection.2.1}% 14
\BOOKMARK [3][-]{subsubsection.2.1.2}{Formula}{subsection.2.1}% 15
\BOOKMARK [2][-]{subsection.2.2}{Work Unit 2: Summary Measures of Location and Spread}{section.2}% 16
\BOOKMARK [3][-]{subsubsection.2.2.1}{Definitions}{subsection.2.2}% 17
\BOOKMARK [3][-]{subsubsection.2.2.2}{Measures of Location}{subsection.2.2}% 18
\BOOKMARK [3][-]{subsubsection.2.2.3}{Measures of Spread}{subsection.2.2}% 19
\BOOKMARK [3][-]{subsubsection.2.2.4}{Formula}{subsection.2.2}% 20
\BOOKMARK [2][-]{subsection.2.3}{Module 3: Random Variables}{section.2}% 21
\BOOKMARK [2][-]{subsection.2.4}{Work Unit 1: Probability Mass and Density Functions}{section.2}% 22
\BOOKMARK [3][-]{subsubsection.2.4.1}{Definitions}{subsection.2.4}% 23
\BOOKMARK [2][-]{subsection.2.5}{Work Unit 2: Working with Random Variables}{section.2}% 24
\BOOKMARK [3][-]{subsubsection.2.5.1}{Definitions}{subsection.2.5}% 25
\BOOKMARK [2][-]{subsection.2.6}{Module 4: Probability Distributions}{section.2}% 26
\BOOKMARK [2][-]{subsection.2.7}{Work Unit 1: Uniform Distribution}{section.2}% 27
\BOOKMARK [2][-]{subsection.2.8}{Work Unit 2: Binomial Distribution}{section.2}% 28
\BOOKMARK [2][-]{subsection.2.9}{Work Unit 3: Poisson and Exponential Distributions}{section.2}% 29
\BOOKMARK [3][-]{subsubsection.2.9.1}{Poisson Distribution}{subsection.2.9}% 30
\BOOKMARK [3][-]{subsubsection.2.9.2}{Exponential Distribution}{subsection.2.9}% 31
\BOOKMARK [2][-]{subsection.2.10}{Work Unit 4: Normal Distribution}{section.2}% 32
\BOOKMARK [2][-]{subsection.2.11}{Module 5: Hypothesis Testing}{section.2}% 33
\BOOKMARK [2][-]{subsection.2.12}{Work Unit 1: Sampling Distribution}{section.2}% 34
\BOOKMARK [2][-]{subsection.2.13}{Work Unit 2: Confidence Intervals}{section.2}% 35
\BOOKMARK [2][-]{subsection.2.14}{Work Unit 3: Testing whether the mean is a specific value}{section.2}% 36
\BOOKMARK [3][-]{subsubsection.2.14.1}{Errors}{subsection.2.14}% 37
\BOOKMARK [2][-]{subsection.2.15}{Work Unit 4: Comparing 2 Sample means}{section.2}% 38
\BOOKMARK [3][-]{subsubsection.2.15.1}{The Modified Approach}{subsection.2.15}% 39
\BOOKMARK [2][-]{subsection.2.16}{Work Unit 5: Tests about the mean when we don't know the variance}{section.2}% 40
\BOOKMARK [2][-]{subsection.2.17}{Work Unit 6: Comparing Means of 2 Independent Samples}{section.2}% 41
\BOOKMARK [2][-]{subsection.2.18}{Work Unit 7: Comparing Means of 2 Dependent Samples}{section.2}% 42
\BOOKMARK [2][-]{subsection.2.19}{Work Unit 8: Testing whether data fits a specific distribution}{section.2}% 43
\BOOKMARK [2][-]{subsection.2.20}{Work Unit 9: Testing for an association between 2 categoric variables}{section.2}% 44
\BOOKMARK [2][-]{subsection.2.21}{Work Unit 10: Testing for a predictive relationship between 2 Numeric Variables}{section.2}% 45
\BOOKMARK [1][-]{section.3}{Excel}{}% 46
